c:\users\zheny\source\repos\course_gui\course_gui\debug\vc141.pdb
c:\users\zheny\source\repos\course_gui\course_gui\debug\vc141.idb
c:\users\zheny\source\repos\course_gui\course_gui\debug\systemversioninfo.obj
c:\users\zheny\source\repos\course_gui\course_gui\debug\source.obj
c:\users\zheny\source\repos\course_gui\course_gui\debug\runningprocesses.obj
c:\users\zheny\source\repos\course_gui\course_gui\debug\processor_names.obj
c:\users\zheny\source\repos\course_gui\course_gui\debug\processorinfo.obj
c:\users\zheny\source\repos\course_gui\course_gui\debug\memoryinfostruct.obj
c:\users\zheny\source\repos\course_gui\course_gui\debug\memoryinfo.obj
c:\users\zheny\source\repos\course_gui\course_gui\debug\hdd.obj
c:\users\zheny\source\repos\course_gui\course_gui\debug\display_info.obj
c:\users\zheny\source\repos\course_gui\debug\course_gui.exe
c:\users\zheny\source\repos\course_gui\debug\course_gui.ilk
c:\users\zheny\source\repos\course_gui\debug\course_gui.pdb
c:\users\zheny\source\repos\course_gui\course_gui\debug\course_gui.tlog\cl.command.1.tlog
c:\users\zheny\source\repos\course_gui\course_gui\debug\course_gui.tlog\cl.read.1.tlog
c:\users\zheny\source\repos\course_gui\course_gui\debug\course_gui.tlog\cl.write.1.tlog
c:\users\zheny\source\repos\course_gui\course_gui\debug\course_gui.tlog\link.command.1.tlog
c:\users\zheny\source\repos\course_gui\course_gui\debug\course_gui.tlog\link.read.1.tlog
c:\users\zheny\source\repos\course_gui\course_gui\debug\course_gui.tlog\link.write.1.tlog
